<?xml version="1.0" encoding="UTF-8"?>
<!-- Generated by org.testng.reporters.JUnitReportReporter -->
<testsuite hostname="LAPTOP-8P5LPQDI" failures="0" tests="3" name="Testing_package.Task3" time="13.831" errors="0" timestamp="2025-08-18T14:01:06 IST" skipped="0">
  <testcase classname="Testing_package.Task3" name="login" time="6.333"/>
  <testcase classname="Testing_package.Task3" name="all_cat" time="0.248"/>
  <testcase classname="Testing_package.Task3" name="signout" time="7.250"/>
</testsuite> <!-- Testing_package.Task3 -->
