<?xml version="1.0" encoding="UTF-8"?>
<!-- Generated by org.testng.reporters.JUnitReportReporter -->
<testsuite hostname="LAPTOP-8P5LPQDI" failures="0" tests="2" name="Testing_package.Task1" time="10.654" errors="0" timestamp="2025-08-18T14:40:34 IST" skipped="1">
  <testcase classname="Testing_package.Task1" name="address" time="10.654"/>
  <testcase classname="Testing_package.Task1" name="name">
    <skipped/>
  </testcase> <!-- name -->
</testsuite> <!-- Testing_package.Task1 -->
