<?xml version="1.0" encoding="UTF-8"?>
<!-- Generated by org.testng.reporters.JUnitReportReporter -->
<testsuite hostname="LAPTOP-8P5LPQDI" failures="0" tests="1" name="Testing_package.Task4" time="0.005" errors="0" timestamp="2025-08-18T13:44:40 IST" skipped="0">
  <testcase classname="Testing_package.Task4" name="test" time="0.005"/>
</testsuite> <!-- Testing_package.Task4 -->
