<?xml version="1.0" encoding="UTF-8"?>
<!-- Generated by org.testng.reporters.JUnitReportReporter -->
<testsuite hostname="LAPTOP-8P5LPQDI" failures="0" tests="2" name="Testing_package.Task2" time="38.656" errors="0" timestamp="2025-08-18T14:39:49 IST" skipped="0">
  <testcase classname="Testing_package.Task2" name="search" time="17.906"/>
  <testcase classname="Testing_package.Task2" name="search" time="20.750"/>
</testsuite> <!-- Testing_package.Task2 -->
