<?xml version="1.0" encoding="UTF-8"?>
<!-- Generated by org.testng.reporters.JUnitReportReporter -->
<testsuite hostname="LAPTOP-8P5LPQDI" failures="0" tests="1" name="Testing_package.Testclass1" time="7.130" errors="0" timestamp="2025-08-14T13:06:47 IST" skipped="0">
  <testcase classname="Testing_package.Testclass1" name="amazon" time="7.130"/>
</testsuite> <!-- Testing_package.Testclass1 -->
