<?xml version="1.0" encoding="UTF-8"?>
<!-- Generated by org.testng.reporters.JUnitReportReporter -->
<testsuite hostname="LAPTOP-8P5LPQDI" failures="0" tests="3" name="Testing_package.ExcelTest" time="21.901" errors="0" timestamp="2025-08-16T16:05:30 IST" skipped="0">
  <testcase classname="Testing_package.ExcelTest" name="testLogin" time="10.606"/>
  <testcase classname="Testing_package.ExcelTest" name="testLogin" time="5.482"/>
  <testcase classname="Testing_package.ExcelTest" name="testLogin" time="5.813"/>
</testsuite> <!-- Testing_package.ExcelTest -->
