<?xml version="1.0" encoding="UTF-8"?>
<!-- Generated by org.testng.reporters.JUnitReportReporter -->
<testsuite hostname="LAPTOP-8P5LPQDI" failures="0" tests="4" name="Testing_package.Amazon" time="35.389" errors="0" timestamp="2025-08-18T06:23:38 IST" skipped="0">
  <testcase classname="Testing_package.Amazon" name="login" time="3.628"/>
  <testcase classname="Testing_package.Amazon" name="searc" time="20.491"/>
  <testcase classname="Testing_package.Amazon" name="adand1" time="9.180"/>
  <testcase classname="Testing_package.Amazon" name="deland1" time="2.090"/>
</testsuite> <!-- Testing_package.Amazon -->
