<?xml version="1.0" encoding="UTF-8"?>
<!-- Generated by org.testng.reporters.JUnitReportReporter -->
<testsuite hostname="LAPTOP-8P5LPQDI" failures="0" tests="3" name="Testing_package.Ebay_testing" time="15.884" errors="0" timestamp="2025-08-13T12:26:18 IST" skipped="0">
  <testcase classname="Testing_package.Ebay_testing" name="search1" time="4.819"/>
  <testcase classname="Testing_package.Ebay_testing" name="search" time="5.601"/>
  <testcase classname="Testing_package.Ebay_testing" name="search2" time="5.464"/>
</testsuite> <!-- Testing_package.Ebay_testing -->
