<?xml version="1.0" encoding="UTF-8"?>
<!-- Generated by org.testng.reporters.JUnitReportReporter -->
<testsuite hostname="LAPTOP-8P5LPQDI" failures="0" tests="2" name="Testing_package.Cross_brow_test" time="13.568" errors="0" timestamp="2025-08-14T15:00:27 IST" skipped="0">
  <testcase classname="Testing_package.Cross_brow_test" name="chrome" time="6.928"/>
  <testcase classname="Testing_package.Cross_brow_test" name="edge" time="6.640"/>
</testsuite> <!-- Testing_package.Cross_brow_test -->
