<?xml version="1.0" encoding="UTF-8"?>
<!-- Generated by org.testng.reporters.JUnitReportReporter -->
<testsuite hostname="LAPTOP-8P5LPQDI" failures="0" tests="1" name="Testing_package.Explicit_wait" time="6.115" errors="0" timestamp="2025-08-14T16:18:30 IST" skipped="0">
  <testcase classname="Testing_package.Explicit_wait" name="f" time="6.115"/>
</testsuite> <!-- Testing_package.Explicit_wait -->
