<?xml version="1.0" encoding="UTF-8"?>
<!-- Generated by org.testng.reporters.JUnitReportReporter -->
<testsuite hostname="LAPTOP-8P5LPQDI" failures="0" tests="4" name="Testing_package.Para_testing" time="26.286" errors="0" timestamp="2025-08-14T12:19:15 IST" skipped="0">
  <testcase classname="Testing_package.Para_testing" name="flipkart" time="8.220"/>
  <testcase classname="Testing_package.Para_testing" name="zerobank" time="8.502"/>
  <testcase classname="Testing_package.Para_testing" name="amazon" time="7.106"/>
  <testcase classname="Testing_package.Para_testing" name="eBay" time="2.458"/>
</testsuite> <!-- Testing_package.Para_testing -->
